\BOOKMARK [0][-]{chapter.1}{Introducci\363n}{}% 1
\BOOKMARK [1][-]{section.1.1}{Antecedentes}{chapter.1}% 2
\BOOKMARK [1][-]{section.1.2}{Motivaci\363n}{chapter.1}% 3
\BOOKMARK [1][-]{section.1.3}{Necesidad del proyecto}{chapter.1}% 4
\BOOKMARK [1][-]{section.1.4}{Acotaci\363n}{chapter.1}% 5
\BOOKMARK [0][-]{chapter.2}{Descripci\363n general del proyecto}{}% 6
\BOOKMARK [1][-]{section.2.1}{Prop\363sito del proyecto}{chapter.2}% 7
\BOOKMARK [2][-]{subsection.2.1.1}{Contexto}{section.2.1}% 8
\BOOKMARK [2][-]{subsection.2.1.2}{Objetivo general}{section.2.1}% 9
\BOOKMARK [1][-]{section.2.2}{El cliente y otros interesados}{chapter.2}% 10
\BOOKMARK [2][-]{subsection.2.2.1}{El cliente}{section.2.2}% 11
\BOOKMARK [2][-]{subsection.2.2.2}{Otros interesados}{section.2.2}% 12
\BOOKMARK [1][-]{section.2.3}{Los usuarios del producto}{chapter.2}% 13
\BOOKMARK [2][-]{subsection.2.3.1}{Usuarios finales}{section.2.3}% 14
\BOOKMARK [2][-]{subsection.2.3.2}{Prioridades asignadas a los usuarios}{section.2.3}% 15
\BOOKMARK [1][-]{section.2.4}{Tecnolog\355as a utilizar}{chapter.2}% 16
\BOOKMARK [2][-]{subsection.2.4.1}{Alternativas de implementaci\363n}{section.2.4}% 17
\BOOKMARK [1][-]{section.2.5}{Hechos relevantes y asunciones}{chapter.2}% 18
\BOOKMARK [2][-]{subsection.2.5.1}{Hechos}{section.2.5}% 19
\BOOKMARK [2][-]{subsection.2.5.2}{Asunciones}{section.2.5}% 20
\BOOKMARK [1][-]{section.2.6}{Aspectos relativos a los usuarios dentro del sistema}{chapter.2}% 21
\BOOKMARK [2][-]{subsection.2.6.1}{Usuario b\341sico}{section.2.6}% 22
\BOOKMARK [2][-]{subsection.2.6.2}{Administrador}{section.2.6}% 23
\BOOKMARK [0][-]{chapter.3}{Calendario}{}% 24
\BOOKMARK [1][-]{section.3.1}{Direcci\363n del proyecto}{chapter.3}% 25
\BOOKMARK [2][-]{subsection.3.1.1}{Comunicaci\363n con el cliente}{section.3.1}% 26
\BOOKMARK [2][-]{subsection.3.1.2}{Comunicaci\363n con el tutor}{section.3.1}% 27
\BOOKMARK [1][-]{section.3.2}{M\363dulo de personal}{chapter.3}% 28
\BOOKMARK [1][-]{section.3.3}{M\363dulo de actividades}{chapter.3}% 29
\BOOKMARK [1][-]{section.3.4}{M\363dulo de gesti\363n de horas e integraci\363n}{chapter.3}% 30
\BOOKMARK [1][-]{section.3.5}{Buscador global}{chapter.3}% 31
\BOOKMARK [1][-]{section.3.6}{\332ltima recodificaci\363n}{chapter.3}% 32
\BOOKMARK [1][-]{section.3.7}{Memoria y defensa}{chapter.3}% 33
\BOOKMARK [0][-]{chapter.4}{An\341lisis}{}% 34
\BOOKMARK [1][-]{section.4.1}{Especificaci\363n de los requisitos del sistema}{chapter.4}% 35
\BOOKMARK [2][-]{subsection.4.1.1}{Requisitos de interfaces de usuario}{section.4.1}% 36
\BOOKMARK [2][-]{subsection.4.1.2}{Requisitos funcionales}{section.4.1}% 37
\BOOKMARK [1][-]{section.4.2}{Requisitos l\363gicos de la base de datos}{chapter.4}% 38
\BOOKMARK [1][-]{section.4.3}{Casos de uso}{chapter.4}% 39
\BOOKMARK [2][-]{subsection.4.3.1}{Gestor de personal}{section.4.3}% 40
\BOOKMARK [2][-]{subsection.4.3.2}{Gestor de actividades}{section.4.3}% 41
\BOOKMARK [2][-]{subsection.4.3.3}{Gestor de horas e informes}{section.4.3}% 42
\BOOKMARK [1][-]{section.4.4}{Protecci\363n de datos}{chapter.4}% 43
\BOOKMARK [0][-]{chapter.5}{Dise\361o}{}% 44
\BOOKMARK [1][-]{section.5.1}{Dise\361o de la interfaz de usuario}{chapter.5}% 45
\BOOKMARK [2][-]{subsection.5.1.1}{Generalidades}{section.5.1}% 46
\BOOKMARK [2][-]{subsection.5.1.2}{Formularios}{section.5.1}% 47
\BOOKMARK [2][-]{subsection.5.1.3}{Tablas}{section.5.1}% 48
\BOOKMARK [2][-]{subsection.5.1.4}{Ventanas emergentes}{section.5.1}% 49
\BOOKMARK [2][-]{subsection.5.1.5}{Buscador global}{section.5.1}% 50
\BOOKMARK [1][-]{section.5.2}{Dise\361o de la base de datos}{chapter.5}% 51
\BOOKMARK [2][-]{subsection.5.2.1}{Diagrama Entidad/Relaci\363n}{section.5.2}% 52
\BOOKMARK [2][-]{subsection.5.2.2}{Entidades y atributos}{section.5.2}% 53
\BOOKMARK [2][-]{subsection.5.2.3}{Relaciones}{section.5.2}% 54
\BOOKMARK [1][-]{section.5.3}{Dise\361o del sistema}{chapter.5}% 55
\BOOKMARK [2][-]{subsection.5.3.1}{Diagramas de secuencia}{section.5.3}% 56
\BOOKMARK [0][-]{chapter.6}{Implementaci\363n}{}% 57
\BOOKMARK [1][-]{section.6.1}{Tecnolog\355as}{chapter.6}% 58
\BOOKMARK [2][-]{subsection.6.1.1}{Lenguajes}{section.6.1}% 59
\BOOKMARK [2][-]{subsection.6.1.2}{Ajax}{section.6.1}% 60
\BOOKMARK [1][-]{section.6.2}{Librer\355as}{chapter.6}% 61
\BOOKMARK [2][-]{subsection.6.2.1}{Sorttable}{section.6.2}% 62
\BOOKMARK [2][-]{subsection.6.2.2}{PHPExcel}{section.6.2}% 63
\BOOKMARK [2][-]{subsection.6.2.3}{JQuery}{section.6.2}% 64
\BOOKMARK [1][-]{section.6.3}{Detalles de la implementaci\363n. Algoritmos representativos}{chapter.6}% 65
\BOOKMARK [2][-]{subsection.6.3.1}{Distribuci\363n de horas por mes}{section.6.3}% 66
\BOOKMARK [2][-]{subsection.6.3.2}{Horas ocupadas de un empleado en un mes}{section.6.3}% 67
\BOOKMARK [2][-]{subsection.6.3.3}{Buscador}{section.6.3}% 68
\BOOKMARK [2][-]{subsection.6.3.4}{Sobre la implementaci\363n de la base de datos}{section.6.3}% 69
\BOOKMARK [0][-]{chapter.7}{Pruebas}{}% 70
\BOOKMARK [1][-]{section.7.1}{Prueba de distribuci\363n de horas y bug horario}{chapter.7}% 71
\BOOKMARK [0][-]{chapter.8}{Consideraciones y conclusiones}{}% 72
\BOOKMARK [1][-]{section.8.1}{Conocimientos adquiridos}{chapter.8}% 73
\BOOKMARK [1][-]{section.8.2}{Algunos datos interesantes}{chapter.8}% 74
\BOOKMARK [1][-]{section.8.3}{Futuro del proyecto}{chapter.8}% 75
\BOOKMARK [1][-]{section.8.4}{Labores del proyectante en otras partes de la aplicaci\363n}{chapter.8}% 76
\BOOKMARK [0][-]{appendix.Alph1}{Script del test de distribuci\363n de horas}{}% 77
\BOOKMARK [0][-]{appendix.Alph2}{Declaraci\363n del cliente}{}% 78
\BOOKMARK [0][-]{appendix.Alph3}{Manual de usuario}{}% 79
\BOOKMARK [1][-]{section.Alph3.1}{Gesti\363n de personal}{appendix.Alph3}% 80
\BOOKMARK [2][-]{subsection.Alph3.1.1}{B\372squeda de personal}{section.Alph3.1}% 81
\BOOKMARK [2][-]{subsection.Alph3.1.2}{Creaci\363n de un nuevo empleado y de sus datos anuales}{section.Alph3.1}% 82
\BOOKMARK [2][-]{subsection.Alph3.1.3}{Modificaci\363n de un empleado y de sus datos anuales}{section.Alph3.1}% 83
\BOOKMARK [2][-]{subsection.Alph3.1.4}{Eliminaci\363n de un empleado y de sus datos anuales}{section.Alph3.1}% 84
\BOOKMARK [1][-]{section.Alph3.2}{Gesti\363n de actividades}{appendix.Alph3}% 85
\BOOKMARK [2][-]{subsection.Alph3.2.1}{B\372squeda de proyectos/actividades}{section.Alph3.2}% 86
\BOOKMARK [2][-]{subsection.Alph3.2.2}{Creaci\363n de una nueva actividad}{section.Alph3.2}% 87
\BOOKMARK [2][-]{subsection.Alph3.2.3}{Modificaci\363n de una actividad}{section.Alph3.2}% 88
\BOOKMARK [2][-]{subsection.Alph3.2.4}{Eliminaci\363n de una actividad}{section.Alph3.2}% 89
\BOOKMARK [1][-]{section.Alph3.3}{Consulta de datos e informes}{appendix.Alph3}% 90
\BOOKMARK [2][-]{subsection.Alph3.3.1}{Consulta de datos por personal}{section.Alph3.3}% 91
\BOOKMARK [2][-]{subsection.Alph3.3.2}{Consulta de datos por proyecto}{section.Alph3.3}% 92
\BOOKMARK [2][-]{subsection.Alph3.3.3}{Resumen global}{section.Alph3.3}% 93
\BOOKMARK [1][-]{section.Alph3.4}{Gesti\363n de horas}{appendix.Alph3}% 94
\BOOKMARK [2][-]{subsection.Alph3.4.1}{Asignaci\363n de horas}{section.Alph3.4}% 95
\BOOKMARK [2][-]{subsection.Alph3.4.2}{Modificaci\363n de horas asignadas}{section.Alph3.4}% 96
\BOOKMARK [2][-]{subsection.Alph3.4.3}{Detecci\363n de errores}{section.Alph3.4}% 97
\BOOKMARK [2][-]{subsection.Alph3.4.4}{Eliminaci\363n de horas asignadas}{section.Alph3.4}% 98
\BOOKMARK [1][-]{section.Alph3.5}{Buscador global}{appendix.Alph3}% 99
\BOOKMARK [0][-]{appendix.Alph4}{Software utilizado}{}% 100
